<?xml version="1.0" encoding="UTF-8"?>
<testsuite name="com.example.demo.ControllerTest" tests="1" skipped="0" failures="0" errors="0" timestamp="2025-12-21T13:42:45.685Z" hostname="DESKTOP-CN4TV1M" time="0.356">
  <properties/>
  <testcase name="deleteArticalTest()" classname="com.example.demo.ControllerTest" time="0.356"/>
  <system-out><![CDATA[21:42:42.012 [Test worker] INFO org.springframework.test.context.support.AnnotationConfigContextLoaderUtils -- Could not detect default configuration classes for test class [com.example.demo.ControllerTest]: ControllerTest does not declare any static, non-private, non-final, nested classes annotated with @Configuration.
21:42:42.251 [Test worker] INFO org.springframework.boot.test.context.SpringBootTestContextBootstrapper -- Found @SpringBootConfiguration com.example.demo.DemoApplication for test class com.example.demo.ControllerTest

  .   ____          _            __ _ _
 /\\ / ___'_ __ _ _(_)_ __  __ _ \ \ \ \
( ( )\___ | '_ | '_| | '_ \/ _` | \ \ \ \
 \\/  ___)| |_)| | | | | || (_| |  ) ) ) )
  '  |____| .__|_| |_|_| |_\__, | / / / /
 =========|_|==============|___/=/_/_/_/

 :: Spring Boot ::                (v3.5.8)

2025-12-21T21:42:42.978+08:00  INFO 5504 --- [demo] [    Test worker] com.example.demo.ControllerTest          : Starting ControllerTest using Java 25.0.1 with PID 5504 (started by perry in C:\Users\perry\Desktop\demo)
2025-12-21T21:42:42.980+08:00  INFO 5504 --- [demo] [    Test worker] com.example.demo.ControllerTest          : No active profile set, falling back to 1 default profile: "default"
2025-12-21T21:42:45.636+08:00  INFO 5504 --- [demo] [    Test worker] o.s.b.t.m.w.SpringBootMockServletContext : Initializing Spring TestDispatcherServlet ''
2025-12-21T21:42:45.636+08:00  INFO 5504 --- [demo] [    Test worker] o.s.t.web.servlet.TestDispatcherServlet  : Initializing Servlet ''
2025-12-21T21:42:45.638+08:00  INFO 5504 --- [demo] [    Test worker] o.s.t.web.servlet.TestDispatcherServlet  : Completed initialization in 2 ms
2025-12-21T21:42:45.675+08:00  INFO 5504 --- [demo] [    Test worker] com.example.demo.ControllerTest          : Started ControllerTest in 3.303 seconds (process running for 4.981)
2025-12-21T21:42:45.851+08:00  INFO 5504 --- [demo] [    Test worker] c.e.demo.controller.ArticalController    : update a article:ArticalVO(id=1, author=Petter, tittle=Book, content=内容1, reader=null)
]]></system-out>
  <system-err><![CDATA[Mockito is currently self-attaching to enable the inline-mock-maker. This will no longer work in future releases of the JDK. Please add Mockito as an agent to your build as described in Mockito's documentation: https://javadoc.io/doc/org.mockito/mockito-core/latest/org.mockito/org/mockito/Mockito.html#0.3
WARNING: A Java agent has been loaded dynamically (C:\Users\perry\.gradle\caches\modules-2\files-2.1\net.bytebuddy\byte-buddy-agent\1.17.8\f09415827a71be7ed621c7bd02550678f28bc81c\byte-buddy-agent-1.17.8.jar)
WARNING: If a serviceability tool is in use, please run with -XX:+EnableDynamicAgentLoading to hide this warning
WARNING: If a serviceability tool is not in use, please run with -Djdk.instrument.traceUsage for more information
WARNING: Dynamic loading of agents will be disallowed by default in a future release
]]></system-err>
</testsuite>
